2023-11-13 01:11:44,237 - yq - INFO - Pricing the product on 2023-08-09 00:00:00
2023-11-13 01:11:44,237 - yq - INFO - The json file path is: /Users/tangyiqwan/Library/CloudStorage/OneDrive-NanyangTechnologicalUniversity/ntu/Acads/4_Y4S1/MH4518/group-project/code/simulation-in-finance/code/sc/LONN.SE.json
2023-11-13 01:11:44,247 - yq - INFO - The json file path is: /Users/tangyiqwan/Library/CloudStorage/OneDrive-NanyangTechnologicalUniversity/ntu/Acads/4_Y4S1/MH4518/group-project/code/simulation-in-finance/code/sc/SIKA.SE.json
2023-11-13 01:11:44,454 - yq - INFO - The historical data is
             LONN.SE  SIKA.SE
Date                        
2022-08-10    569.8    237.3
2022-08-11    584.0    246.3
2022-08-12    570.2    243.4
2022-08-15    569.6    247.6
2022-08-16    558.4    243.4
2023-11-13 01:11:44,458 - yq - INFO - File path is /Users/tangyiqwan/Library/CloudStorage/OneDrive-NanyangTechnologicalUniversity/ntu/Acads/4_Y4S1/MH4518/group-project/code/simulation-in-finance/data/options-cleaned/20230809/lonn_call.csv
2023-11-13 01:11:44,460 - yq - INFO - Options data read is
    maturity  strike      price         IV    rate
0   0.10386     440  52.149994  27.330225  0.0175
1   0.10386     450  43.049988  25.649502  0.0175
2   0.10386     460  34.500000  24.389547  0.0175
3   0.10386     470  26.799995  23.625263  0.0175
4   0.10386     480  19.849991  22.715864  0.0175
2023-11-13 01:11:44,461 - yq - INFO - File path is /Users/tangyiqwan/Library/CloudStorage/OneDrive-NanyangTechnologicalUniversity/ntu/Acads/4_Y4S1/MH4518/group-project/code/simulation-in-finance/data/options-cleaned/20230809/sika_call.csv
2023-11-13 01:11:44,463 - yq - INFO - Options data read is
    maturity  strike      price         IV    rate
0   0.10386     220  48.050003  38.010380  0.0175
1   0.10386     230  38.400002  33.623005  0.0175
2   0.10386     240  29.074997  29.997280  0.0175
3   0.10386     250  20.525002  27.632607  0.0175
4   0.10386     260  13.275000  26.195461  0.0175
2023-11-13 01:11:44,467 - yq - INFO - LONZA and SIKA df are 
   maturity  strike      price    rate
0   0.10386     440  52.149994  0.0175
1   0.10386     450  43.049988  0.0175
2   0.10386     460  34.500000  0.0175
3   0.10386     470  26.799995  0.0175
4   0.10386     480  19.849991  0.0175
   maturity  strike      price    rate
0   0.10386     220  48.050003  0.0175
1   0.10386     230  38.400002  0.0175
2   0.10386     240  29.074997  0.0175
3   0.10386     250  20.525002  0.0175
4   0.10386     260  13.275000  0.0175
2023-11-13 01:11:44,467 - yq - INFO - Calibrating LONZA.
2023-11-13 01:11:48,302 - yq - INFO - Calibrating SIKA.
2023-11-13 01:11:52,417 - yq - INFO - The S_0 for LONZA and SIKA are 489.0 and 265.5
2023-11-13 01:11:52,423 - yq - INFO - Calibration results for LONZA and SIKA are 
<lmfit.minimizer.MinimizerResult object at 0x16ff852d0>
 <lmfit.minimizer.MinimizerResult object at 0x16ff81110>
2023-11-13 01:11:52,423 - yq - INFO - The elapsed time for 2 calibration is 0 minutes, 7 seconds
2023-11-13 01:11:52,423 - yq - INFO - The calibrated params_list_Heston is:
 [[ 3.54980266  0.12429426  0.06651258 -0.29351799  2.15033954]
 [ 4.65314842  0.14327446  0.12397803 -0.49566622  3.43812377]]
2023-11-13 01:11:52,428 - yq - INFO - The log returns list for all assets is: [Date
2022-08-11    0.024616
2022-08-12   -0.023914
2022-08-15   -0.001053
2022-08-16   -0.019859
2022-08-17    0.003932
                ...   
2023-08-03   -0.015793
2023-08-04    0.006104
2023-08-07   -0.005696
2023-08-08    0.002038
2023-08-09   -0.004489
Name: LONN.SE, Length: 251, dtype: float64, Date
2022-08-11    0.037225
2022-08-12   -0.011844
2022-08-15    0.017108
2022-08-16   -0.017108
2022-08-17   -0.012402
                ...   
2023-08-03   -0.008169
2023-08-04    0.039479
2023-08-07   -0.028724
2023-08-08   -0.013368
2023-08-09   -0.007505
Name: SIKA.SE, Length: 251, dtype: float64]
2023-11-13 01:11:52,429 - yq - INFO - rho_S1S2 is 0.5700777401625888

2023-11-13 01:11:52,429 - yq - INFO - Correlation between log returns of each asset:
[[1.         0.57007774]
 [0.57007774 1.        ]]

2023-11-13 01:11:52,429 - yq - INFO - Simplified correlation matrix is:
[[ 1.         -0.29351799  0.57007774  0.        ]
 [-0.29351799  1.          0.          0.        ]
 [ 0.57007774  0.          1.         -0.49566622]
 [ 0.          0.         -0.49566622  1.        ]]

2023-11-13 01:11:52,429 - yq - INFO - Lower triangular matrix L after Cholesky decomposition is:
[[ 1.          0.          0.          0.        ]
 [-0.29351799  0.95595355  0.          0.        ]
 [ 0.57007774  0.17503787  0.80272854  0.        ]
 [ 0.          0.         -0.61747676  0.78658912]]

2023-11-13 01:11:52,433 - yq - INFO - The adjusted S_0 is [489.  265.5]
2023-11-13 01:11:52,454 - yq - INFO - The new column names are ['LONN.SE_0', 'SIKA.SE_0']
2023-11-13 01:11:52,455 - yq - INFO - The simulated data for 0th iteration is:
     LONN.SE_0   SIKA.SE_0
0  461.457047  248.095179
1  431.303082  202.269347
2  459.234587  197.304045
3  556.036093  206.576450
4  571.346038  201.760919
2023-11-13 01:11:52,554 - yq - INFO - 1 sim, diff h, sim_data_comb:
             LONN.SE_0   SIKA.SE_0
Date                              
2023-08-10  461.457047  248.095179
2023-08-11  431.303082  202.269347
2023-08-14  459.234587  197.304045
2023-08-15  556.036093  206.576450
2023-08-16  571.346038  201.760919
2023-11-13 01:11:52,985 - yq - INFO - Path of 1 sim is plotted
2023-11-13 01:11:52,985 - yq - INFO - The elapsed time for 0th sim is 0 minutes, 8 seconds
2023-11-13 01:11:52,985 - yq - INFO - The elapsed time for 1 pricing dates is 0 minutes, 8 seconds
2023-11-13 01:18:43,610 - yq - INFO - Pricing the product on 2023-08-09 00:00:00
2023-11-13 01:18:43,612 - yq - INFO - The json file path is: /Users/tangyiqwan/Library/CloudStorage/OneDrive-NanyangTechnologicalUniversity/ntu/Acads/4_Y4S1/MH4518/group-project/code/simulation-in-finance/code/sc/LONN.SE.json
2023-11-13 01:18:43,627 - yq - INFO - The json file path is: /Users/tangyiqwan/Library/CloudStorage/OneDrive-NanyangTechnologicalUniversity/ntu/Acads/4_Y4S1/MH4518/group-project/code/simulation-in-finance/code/sc/SIKA.SE.json
2023-11-13 01:18:43,951 - yq - INFO - The historical data is
             LONN.SE  SIKA.SE
Date                        
2022-08-10    569.8    237.3
2022-08-11    584.0    246.3
2022-08-12    570.2    243.4
2022-08-15    569.6    247.6
2022-08-16    558.4    243.4
2023-11-13 01:18:43,953 - yq - INFO - File path is /Users/tangyiqwan/Library/CloudStorage/OneDrive-NanyangTechnologicalUniversity/ntu/Acads/4_Y4S1/MH4518/group-project/code/simulation-in-finance/data/options-cleaned/20230809/lonn_call.csv
2023-11-13 01:18:43,955 - yq - INFO - Options data read is
    maturity  strike      price         IV    rate
0   0.10386     440  52.149994  27.330225  0.0175
1   0.10386     450  43.049988  25.649502  0.0175
2   0.10386     460  34.500000  24.389547  0.0175
3   0.10386     470  26.799995  23.625263  0.0175
4   0.10386     480  19.849991  22.715864  0.0175
2023-11-13 01:18:43,956 - yq - INFO - File path is /Users/tangyiqwan/Library/CloudStorage/OneDrive-NanyangTechnologicalUniversity/ntu/Acads/4_Y4S1/MH4518/group-project/code/simulation-in-finance/data/options-cleaned/20230809/sika_call.csv
2023-11-13 01:18:43,958 - yq - INFO - Options data read is
    maturity  strike      price         IV    rate
0   0.10386     220  48.050003  38.010380  0.0175
1   0.10386     230  38.400002  33.623005  0.0175
2   0.10386     240  29.074997  29.997280  0.0175
3   0.10386     250  20.525002  27.632607  0.0175
4   0.10386     260  13.275000  26.195461  0.0175
2023-11-13 01:18:43,961 - yq - INFO - LONZA and SIKA df are 
   maturity  strike      price    rate
0   0.10386     440  52.149994  0.0175
1   0.10386     450  43.049988  0.0175
2   0.10386     460  34.500000  0.0175
3   0.10386     470  26.799995  0.0175
4   0.10386     480  19.849991  0.0175
   maturity  strike      price    rate
0   0.10386     220  48.050003  0.0175
1   0.10386     230  38.400002  0.0175
2   0.10386     240  29.074997  0.0175
3   0.10386     250  20.525002  0.0175
4   0.10386     260  13.275000  0.0175
2023-11-13 01:18:43,961 - yq - INFO - Calibrating LONZA.
2023-11-13 01:18:47,961 - yq - INFO - Calibrating SIKA.
2023-11-13 01:18:53,077 - yq - INFO - The S_0 for LONZA and SIKA are 489.0 and 265.5
2023-11-13 01:18:53,079 - yq - INFO - Calibration results for LONZA and SIKA are 
<lmfit.minimizer.MinimizerResult object at 0x12ce9d610>
 <lmfit.minimizer.MinimizerResult object at 0x12ce0cd10>
2023-11-13 01:18:53,079 - yq - INFO - The elapsed time for 2 calibration is 0 minutes, 9 seconds
2023-11-13 01:18:53,079 - yq - INFO - The calibrated params_list_Heston is:
 [[ 3.54981239  0.12429416  0.06651262 -0.29351808  2.15034291]
 [ 4.65314852  0.14327447  0.12397803 -0.49566623  3.43812385]]
2023-11-13 01:18:53,098 - yq - INFO - The log returns list for all assets is: [Date
2022-08-11    0.024616
2022-08-12   -0.023914
2022-08-15   -0.001053
2022-08-16   -0.019859
2022-08-17    0.003932
                ...   
2023-08-03   -0.015793
2023-08-04    0.006104
2023-08-07   -0.005696
2023-08-08    0.002038
2023-08-09   -0.004489
Name: LONN.SE, Length: 251, dtype: float64, Date
2022-08-11    0.037225
2022-08-12   -0.011844
2022-08-15    0.017108
2022-08-16   -0.017108
2022-08-17   -0.012402
                ...   
2023-08-03   -0.008169
2023-08-04    0.039479
2023-08-07   -0.028724
2023-08-08   -0.013368
2023-08-09   -0.007505
Name: SIKA.SE, Length: 251, dtype: float64]
2023-11-13 01:18:53,100 - yq - INFO - rho_S1S2 is 0.5700777401625888

2023-11-13 01:18:53,100 - yq - INFO - Correlation between log returns of each asset:
[[1.         0.57007774]
 [0.57007774 1.        ]]

2023-11-13 01:18:53,100 - yq - INFO - Simplified correlation matrix is:
[[ 1.         -0.29351808  0.57007774  0.        ]
 [-0.29351808  1.          0.          0.        ]
 [ 0.57007774  0.          1.         -0.49566623]
 [ 0.          0.         -0.49566623  1.        ]]

2023-11-13 01:18:53,101 - yq - INFO - Lower triangular matrix L after Cholesky decomposition is:
[[ 1.          0.          0.          0.        ]
 [-0.29351808  0.95595352  0.          0.        ]
 [ 0.57007774  0.17503793  0.80272853  0.        ]
 [ 0.          0.         -0.61747678  0.78658911]]

2023-11-13 01:18:53,107 - yq - INFO - The adjusted S_0 is [489.  265.5]
2023-11-13 01:18:53,128 - yq - INFO - The new column names are ['LONN.SE_0', 'SIKA.SE_0']
2023-11-13 01:18:53,129 - yq - INFO - The simulated data for 0th iteration is:
     LONN.SE_0   SIKA.SE_0
0  490.621644  318.670613
1  433.797387  333.612691
2  506.313373  381.086524
3  539.095865  350.758641
4  492.029443  274.996085
2023-11-13 01:18:53,224 - yq - INFO - 1 sim, diff h, sim_data_comb:
             LONN.SE_0   SIKA.SE_0
Date                              
2023-08-10  490.621644  318.670613
2023-08-11  433.797387  333.612691
2023-08-14  506.313373  381.086524
2023-08-15  539.095865  350.758641
2023-08-16  492.029443  274.996085
2023-11-13 01:18:53,995 - yq - INFO - Path of 1 sim is plotted
2023-11-13 01:18:53,995 - yq - INFO - The elapsed time for 0th sim is 0 minutes, 10 seconds
2023-11-13 01:18:53,995 - yq - INFO - The elapsed time for 1 pricing dates is 0 minutes, 10 seconds
2023-11-13 01:19:46,998 - yq - INFO - Pricing the product on 2023-08-09 00:00:00
2023-11-13 01:19:46,999 - yq - INFO - The json file path is: /Users/tangyiqwan/Library/CloudStorage/OneDrive-NanyangTechnologicalUniversity/ntu/Acads/4_Y4S1/MH4518/group-project/code/simulation-in-finance/code/sc/LONN.SE.json
2023-11-13 01:19:47,012 - yq - INFO - The json file path is: /Users/tangyiqwan/Library/CloudStorage/OneDrive-NanyangTechnologicalUniversity/ntu/Acads/4_Y4S1/MH4518/group-project/code/simulation-in-finance/code/sc/SIKA.SE.json
2023-11-13 01:19:47,229 - yq - INFO - The historical data is
             LONN.SE  SIKA.SE
Date                        
2022-08-10    569.8    237.3
2022-08-11    584.0    246.3
2022-08-12    570.2    243.4
2022-08-15    569.6    247.6
2022-08-16    558.4    243.4
2023-11-13 01:19:47,238 - yq - INFO - File path is /Users/tangyiqwan/Library/CloudStorage/OneDrive-NanyangTechnologicalUniversity/ntu/Acads/4_Y4S1/MH4518/group-project/code/simulation-in-finance/data/options-cleaned/20230809/lonn_call.csv
2023-11-13 01:19:47,240 - yq - INFO - Options data read is
    maturity  strike      price         IV    rate
0   0.10386     440  52.149994  27.330225  0.0175
1   0.10386     450  43.049988  25.649502  0.0175
2   0.10386     460  34.500000  24.389547  0.0175
3   0.10386     470  26.799995  23.625263  0.0175
4   0.10386     480  19.849991  22.715864  0.0175
2023-11-13 01:19:47,242 - yq - INFO - File path is /Users/tangyiqwan/Library/CloudStorage/OneDrive-NanyangTechnologicalUniversity/ntu/Acads/4_Y4S1/MH4518/group-project/code/simulation-in-finance/data/options-cleaned/20230809/sika_call.csv
2023-11-13 01:19:47,243 - yq - INFO - Options data read is
    maturity  strike      price         IV    rate
0   0.10386     220  48.050003  38.010380  0.0175
1   0.10386     230  38.400002  33.623005  0.0175
2   0.10386     240  29.074997  29.997280  0.0175
3   0.10386     250  20.525002  27.632607  0.0175
4   0.10386     260  13.275000  26.195461  0.0175
2023-11-13 01:19:47,246 - yq - INFO - LONZA and SIKA df are 
   maturity  strike      price    rate
0   0.10386     440  52.149994  0.0175
1   0.10386     450  43.049988  0.0175
2   0.10386     460  34.500000  0.0175
3   0.10386     470  26.799995  0.0175
4   0.10386     480  19.849991  0.0175
   maturity  strike      price    rate
0   0.10386     220  48.050003  0.0175
1   0.10386     230  38.400002  0.0175
2   0.10386     240  29.074997  0.0175
3   0.10386     250  20.525002  0.0175
4   0.10386     260  13.275000  0.0175
2023-11-13 01:19:47,246 - yq - INFO - Calibrating LONZA.
2023-11-13 01:19:51,250 - yq - INFO - Calibrating SIKA.
2023-11-13 01:19:55,593 - yq - INFO - The S_0 for LONZA and SIKA are 489.0 and 265.5
2023-11-13 01:19:55,594 - yq - INFO - Calibration results for LONZA and SIKA are 
<lmfit.minimizer.MinimizerResult object at 0x15831a750>
 <lmfit.minimizer.MinimizerResult object at 0x1582a9e10>
2023-11-13 01:19:55,594 - yq - INFO - The elapsed time for 2 calibration is 0 minutes, 8 seconds
2023-11-13 01:19:55,594 - yq - INFO - The calibrated params_list_Heston is:
 [[ 3.54980426  0.12429425  0.06651259 -0.293518    2.15034006]
 [ 4.65314837  0.14327446  0.12397803 -0.49566622  3.43812369]]
2023-11-13 01:19:55,598 - yq - INFO - The log returns list for all assets is: [Date
2022-08-11    0.024616
2022-08-12   -0.023914
2022-08-15   -0.001053
2022-08-16   -0.019859
2022-08-17    0.003932
                ...   
2023-08-03   -0.015793
2023-08-04    0.006104
2023-08-07   -0.005696
2023-08-08    0.002038
2023-08-09   -0.004489
Name: LONN.SE, Length: 251, dtype: float64, Date
2022-08-11    0.037225
2022-08-12   -0.011844
2022-08-15    0.017108
2022-08-16   -0.017108
2022-08-17   -0.012402
                ...   
2023-08-03   -0.008169
2023-08-04    0.039479
2023-08-07   -0.028724
2023-08-08   -0.013368
2023-08-09   -0.007505
Name: SIKA.SE, Length: 251, dtype: float64]
2023-11-13 01:19:55,598 - yq - INFO - rho_S1S2 is 0.5700777401625888

2023-11-13 01:19:55,598 - yq - INFO - Correlation between log returns of each asset:
[[1.         0.57007774]
 [0.57007774 1.        ]]

2023-11-13 01:19:55,598 - yq - INFO - Simplified correlation matrix is:
[[ 1.         -0.293518    0.57007774  0.        ]
 [-0.293518    1.          0.          0.        ]
 [ 0.57007774  0.          1.         -0.49566622]
 [ 0.          0.         -0.49566622  1.        ]]

2023-11-13 01:19:55,599 - yq - INFO - Lower triangular matrix L after Cholesky decomposition is:
[[ 1.          0.          0.          0.        ]
 [-0.293518    0.95595355  0.          0.        ]
 [ 0.57007774  0.17503788  0.80272854  0.        ]
 [ 0.          0.         -0.61747676  0.78658913]]

2023-11-13 01:19:55,666 - yq - INFO - The adjusted S_0 is [489.  265.5]
2023-11-13 01:19:55,687 - yq - INFO - The new column names are ['LONN.SE_0', 'SIKA.SE_0']
2023-11-13 01:19:55,688 - yq - INFO - The simulated data for 0th iteration is:
     LONN.SE_0   SIKA.SE_0
0  441.544804  293.460945
1  463.458735  320.181879
2  482.197805  304.849179
3  465.999677  314.499379
4  527.399305  312.974802
2023-11-13 01:19:55,777 - yq - INFO - 1 sim, diff h, sim_data_comb:
             LONN.SE_0   SIKA.SE_0
Date                              
2023-08-10  441.544804  293.460945
2023-08-11  463.458735  320.181879
2023-08-14  482.197805  304.849179
2023-08-15  465.999677  314.499379
2023-08-16  527.399305  312.974802
2023-11-13 01:19:56,518 - yq - INFO - Path of 1 sim is plotted
2023-11-13 01:19:56,518 - yq - INFO - The elapsed time for 0th sim is 0 minutes, 9 seconds
2023-11-13 01:19:56,518 - yq - INFO - The elapsed time for 1 pricing dates is 0 minutes, 9 seconds
2023-11-13 01:26:47,848 - yq - INFO - Pricing the product on 2023-08-09 00:00:00
2023-11-13 01:26:47,848 - yq - INFO - The json file path is: /Users/tangyiqwan/Library/CloudStorage/OneDrive-NanyangTechnologicalUniversity/ntu/Acads/4_Y4S1/MH4518/group-project/code/simulation-in-finance/code/sc/LONN.SE.json
2023-11-13 01:26:47,862 - yq - INFO - The json file path is: /Users/tangyiqwan/Library/CloudStorage/OneDrive-NanyangTechnologicalUniversity/ntu/Acads/4_Y4S1/MH4518/group-project/code/simulation-in-finance/code/sc/SIKA.SE.json
2023-11-13 01:26:48,115 - yq - INFO - The historical data is
             LONN.SE  SIKA.SE
Date                        
2022-08-10    569.8    237.3
2022-08-11    584.0    246.3
2022-08-12    570.2    243.4
2022-08-15    569.6    247.6
2022-08-16    558.4    243.4
2023-11-13 01:26:48,117 - yq - INFO - File path is /Users/tangyiqwan/Library/CloudStorage/OneDrive-NanyangTechnologicalUniversity/ntu/Acads/4_Y4S1/MH4518/group-project/code/simulation-in-finance/data/options-cleaned/20230809/lonn_call.csv
2023-11-13 01:26:48,120 - yq - INFO - Options data read is
    maturity  strike      price         IV    rate
0   0.10386     440  52.149994  27.330225  0.0175
1   0.10386     450  43.049988  25.649502  0.0175
2   0.10386     460  34.500000  24.389547  0.0175
3   0.10386     470  26.799995  23.625263  0.0175
4   0.10386     480  19.849991  22.715864  0.0175
2023-11-13 01:26:48,121 - yq - INFO - File path is /Users/tangyiqwan/Library/CloudStorage/OneDrive-NanyangTechnologicalUniversity/ntu/Acads/4_Y4S1/MH4518/group-project/code/simulation-in-finance/data/options-cleaned/20230809/sika_call.csv
2023-11-13 01:26:48,123 - yq - INFO - Options data read is
    maturity  strike      price         IV    rate
0   0.10386     220  48.050003  38.010380  0.0175
1   0.10386     230  38.400002  33.623005  0.0175
2   0.10386     240  29.074997  29.997280  0.0175
3   0.10386     250  20.525002  27.632607  0.0175
4   0.10386     260  13.275000  26.195461  0.0175
2023-11-13 01:26:48,126 - yq - INFO - LONZA and SIKA df are 
   maturity  strike      price    rate
0   0.10386     440  52.149994  0.0175
1   0.10386     450  43.049988  0.0175
2   0.10386     460  34.500000  0.0175
3   0.10386     470  26.799995  0.0175
4   0.10386     480  19.849991  0.0175
   maturity  strike      price    rate
0   0.10386     220  48.050003  0.0175
1   0.10386     230  38.400002  0.0175
2   0.10386     240  29.074997  0.0175
3   0.10386     250  20.525002  0.0175
4   0.10386     260  13.275000  0.0175
2023-11-13 01:26:48,126 - yq - INFO - Calibrating LONZA.
2023-11-13 01:26:52,811 - yq - INFO - Calibrating SIKA.
2023-11-13 01:26:57,761 - yq - INFO - The S_0 for LONZA and SIKA are 489.0 and 265.5
2023-11-13 01:26:57,762 - yq - INFO - Calibration results for LONZA and SIKA are 
<lmfit.minimizer.MinimizerResult object at 0x164923310>
 <lmfit.minimizer.MinimizerResult object at 0x1649b8110>
2023-11-13 01:26:57,762 - yq - INFO - The elapsed time for 2 calibration is 0 minutes, 9 seconds
2023-11-13 01:26:57,762 - yq - INFO - The calibrated params_list_Heston is:
 [[ 3.5498016   0.12429428  0.06651258 -0.29351797  2.15033911]
 [ 4.65314851  0.14327447  0.12397803 -0.49566623  3.43812385]]
2023-11-13 01:26:57,767 - yq - INFO - The log returns list for all assets is: [Date
2022-08-11    0.024616
2022-08-12   -0.023914
2022-08-15   -0.001053
2022-08-16   -0.019859
2022-08-17    0.003932
                ...   
2023-08-03   -0.015793
2023-08-04    0.006104
2023-08-07   -0.005696
2023-08-08    0.002038
2023-08-09   -0.004489
Name: LONN.SE, Length: 251, dtype: float64, Date
2022-08-11    0.037225
2022-08-12   -0.011844
2022-08-15    0.017108
2022-08-16   -0.017108
2022-08-17   -0.012402
                ...   
2023-08-03   -0.008169
2023-08-04    0.039479
2023-08-07   -0.028724
2023-08-08   -0.013368
2023-08-09   -0.007505
Name: SIKA.SE, Length: 251, dtype: float64]
2023-11-13 01:26:57,767 - yq - INFO - rho_S1S2 is 0.5700777401625888

2023-11-13 01:26:57,767 - yq - INFO - Correlation between log returns of each asset:
[[1.         0.57007774]
 [0.57007774 1.        ]]

2023-11-13 01:26:57,768 - yq - INFO - Simplified correlation matrix is:
[[ 1.         -0.29351797  0.57007774  0.        ]
 [-0.29351797  1.          0.          0.        ]
 [ 0.57007774  0.          1.         -0.49566623]
 [ 0.          0.         -0.49566623  1.        ]]

2023-11-13 01:26:57,772 - yq - INFO - Lower triangular matrix L after Cholesky decomposition is:
[[ 1.          0.          0.          0.        ]
 [-0.29351797  0.95595356  0.          0.        ]
 [ 0.57007774  0.17503786  0.80272855  0.        ]
 [ 0.          0.         -0.61747677  0.78658912]]

2023-11-13 01:26:57,832 - yq - INFO - The adjusted S_0 is [489.  265.5]
2023-11-13 01:26:57,853 - yq - INFO - The new column names are ['LONN.SE_0', 'SIKA.SE_0']
2023-11-13 01:26:57,855 - yq - INFO - The simulated data for 0th iteration is:
     LONN.SE_0   SIKA.SE_0
0  581.437651  298.087935
1  585.801125  295.525172
2  488.047748  268.453182
3  527.015758  311.359020
4  542.078549  352.491688
2023-11-13 01:26:57,960 - yq - INFO - 1 sim, diff h, sim_data_comb:
             LONN.SE_0   SIKA.SE_0
Date                              
2023-08-10  581.437651  298.087935
2023-08-11  585.801125  295.525172
2023-08-14  488.047748  268.453182
2023-08-15  527.015758  311.359020
2023-08-16  542.078549  352.491688
2023-11-13 01:26:59,298 - yq - INFO - Path of 1 sim is plotted
2023-11-13 01:26:59,299 - yq - INFO - The elapsed time for 0th sim is 0 minutes, 11 seconds
2023-11-13 01:26:59,299 - yq - INFO - The elapsed time for 1 pricing dates is 0 minutes, 11 seconds
2023-11-13 01:28:13,454 - yq - INFO - Pricing the product on 2023-08-09 00:00:00
2023-11-13 01:28:13,455 - yq - INFO - The json file path is: /Users/tangyiqwan/Library/CloudStorage/OneDrive-NanyangTechnologicalUniversity/ntu/Acads/4_Y4S1/MH4518/group-project/code/simulation-in-finance/code/sc/LONN.SE.json
2023-11-13 01:28:13,464 - yq - INFO - The json file path is: /Users/tangyiqwan/Library/CloudStorage/OneDrive-NanyangTechnologicalUniversity/ntu/Acads/4_Y4S1/MH4518/group-project/code/simulation-in-finance/code/sc/SIKA.SE.json
2023-11-13 01:28:13,700 - yq - INFO - The historical data is
             LONN.SE  SIKA.SE
Date                        
2022-08-10    569.8    237.3
2022-08-11    584.0    246.3
2022-08-12    570.2    243.4
2022-08-15    569.6    247.6
2022-08-16    558.4    243.4
2023-11-13 01:28:13,702 - yq - INFO - File path is /Users/tangyiqwan/Library/CloudStorage/OneDrive-NanyangTechnologicalUniversity/ntu/Acads/4_Y4S1/MH4518/group-project/code/simulation-in-finance/data/options-cleaned/20230809/lonn_call.csv
2023-11-13 01:28:13,705 - yq - INFO - Options data read is
    maturity  strike      price         IV    rate
0   0.10386     440  52.149994  27.330225  0.0175
1   0.10386     450  43.049988  25.649502  0.0175
2   0.10386     460  34.500000  24.389547  0.0175
3   0.10386     470  26.799995  23.625263  0.0175
4   0.10386     480  19.849991  22.715864  0.0175
2023-11-13 01:28:13,706 - yq - INFO - File path is /Users/tangyiqwan/Library/CloudStorage/OneDrive-NanyangTechnologicalUniversity/ntu/Acads/4_Y4S1/MH4518/group-project/code/simulation-in-finance/data/options-cleaned/20230809/sika_call.csv
2023-11-13 01:28:13,708 - yq - INFO - Options data read is
    maturity  strike      price         IV    rate
0   0.10386     220  48.050003  38.010380  0.0175
1   0.10386     230  38.400002  33.623005  0.0175
2   0.10386     240  29.074997  29.997280  0.0175
3   0.10386     250  20.525002  27.632607  0.0175
4   0.10386     260  13.275000  26.195461  0.0175
2023-11-13 01:28:13,712 - yq - INFO - LONZA and SIKA df are 
   maturity  strike      price    rate
0   0.10386     440  52.149994  0.0175
1   0.10386     450  43.049988  0.0175
2   0.10386     460  34.500000  0.0175
3   0.10386     470  26.799995  0.0175
4   0.10386     480  19.849991  0.0175
   maturity  strike      price    rate
0   0.10386     220  48.050003  0.0175
1   0.10386     230  38.400002  0.0175
2   0.10386     240  29.074997  0.0175
3   0.10386     250  20.525002  0.0175
4   0.10386     260  13.275000  0.0175
2023-11-13 01:28:13,712 - yq - INFO - Calibrating LONZA.
2023-11-13 01:28:18,305 - yq - INFO - Calibrating SIKA.
2023-11-13 01:28:23,088 - yq - INFO - The S_0 for LONZA and SIKA are 489.0 and 265.5
2023-11-13 01:28:23,089 - yq - INFO - Calibration results for LONZA and SIKA are 
<lmfit.minimizer.MinimizerResult object at 0x1738be510>
 <lmfit.minimizer.MinimizerResult object at 0x173825650>
2023-11-13 01:28:23,089 - yq - INFO - The elapsed time for 2 calibration is 0 minutes, 9 seconds
2023-11-13 01:28:23,089 - yq - INFO - The calibrated params_list_Heston is:
 [[ 3.54981725  0.12429411  0.06651263 -0.29351812  2.15034458]
 [ 4.65314899  0.14327447  0.12397803 -0.49566623  3.43812408]]
2023-11-13 01:28:23,100 - yq - INFO - The log returns list for all assets is: [Date
2022-08-11    0.024616
2022-08-12   -0.023914
2022-08-15   -0.001053
2022-08-16   -0.019859
2022-08-17    0.003932
                ...   
2023-08-03   -0.015793
2023-08-04    0.006104
2023-08-07   -0.005696
2023-08-08    0.002038
2023-08-09   -0.004489
Name: LONN.SE, Length: 251, dtype: float64, Date
2022-08-11    0.037225
2022-08-12   -0.011844
2022-08-15    0.017108
2022-08-16   -0.017108
2022-08-17   -0.012402
                ...   
2023-08-03   -0.008169
2023-08-04    0.039479
2023-08-07   -0.028724
2023-08-08   -0.013368
2023-08-09   -0.007505
Name: SIKA.SE, Length: 251, dtype: float64]
2023-11-13 01:28:23,100 - yq - INFO - rho_S1S2 is 0.5700777401625888

2023-11-13 01:28:23,100 - yq - INFO - Correlation between log returns of each asset:
[[1.         0.57007774]
 [0.57007774 1.        ]]

2023-11-13 01:28:23,100 - yq - INFO - Simplified correlation matrix is:
[[ 1.         -0.29351812  0.57007774  0.        ]
 [-0.29351812  1.          0.          0.        ]
 [ 0.57007774  0.          1.         -0.49566623]
 [ 0.          0.         -0.49566623  1.        ]]

2023-11-13 01:28:23,101 - yq - INFO - Lower triangular matrix L after Cholesky decomposition is:
[[ 1.          0.          0.          0.        ]
 [-0.29351812  0.95595351  0.          0.        ]
 [ 0.57007774  0.17503796  0.80272852  0.        ]
 [ 0.          0.         -0.61747679  0.7865891 ]]

2023-11-13 01:28:23,103 - yq - INFO - The adjusted S_0 is [489.  265.5]
2023-11-13 01:28:23,129 - yq - INFO - The new column names are ['LONN.SE_0', 'SIKA.SE_0']
2023-11-13 01:28:23,131 - yq - INFO - The simulated data for 0th iteration is:
     LONN.SE_0   SIKA.SE_0
0  525.221633  318.430076
1  439.910263  238.776946
2  405.877812  248.763372
3  454.764586  246.175116
4  376.930592  207.299853
2023-11-13 01:28:23,241 - yq - INFO - 1 sim, diff h, sim_data_comb:
             LONN.SE_0   SIKA.SE_0
Date                              
2023-08-10  525.221633  318.430076
2023-08-11  439.910263  238.776946
2023-08-14  405.877812  248.763372
2023-08-15  454.764586  246.175116
2023-08-16  376.930592  207.299853
2023-11-13 01:28:23,627 - yq - INFO - Path of 1 sim is plotted
2023-11-13 01:28:23,627 - yq - INFO - The elapsed time for 0th sim is 0 minutes, 9 seconds
2023-11-13 01:28:23,627 - yq - INFO - The elapsed time for 1 pricing dates is 0 minutes, 10 seconds
2023-11-13 01:29:25,031 - yq - INFO - The json file path is: /Users/tangyiqwan/Library/CloudStorage/OneDrive-NanyangTechnologicalUniversity/ntu/Acads/4_Y4S1/MH4518/group-project/code/simulation-in-finance/code/sc/LONN.SE.json
2023-11-13 01:29:25,043 - yq - INFO - The json file path is: /Users/tangyiqwan/Library/CloudStorage/OneDrive-NanyangTechnologicalUniversity/ntu/Acads/4_Y4S1/MH4518/group-project/code/simulation-in-finance/code/sc/SIKA.SE.json
2023-11-13 01:30:12,079 - yq - INFO - The json file path is: /Users/tangyiqwan/Library/CloudStorage/OneDrive-NanyangTechnologicalUniversity/ntu/Acads/4_Y4S1/MH4518/group-project/code/simulation-in-finance/code/sc/LONN.SE.json
2023-11-13 01:30:12,086 - yq - INFO - The json file path is: /Users/tangyiqwan/Library/CloudStorage/OneDrive-NanyangTechnologicalUniversity/ntu/Acads/4_Y4S1/MH4518/group-project/code/simulation-in-finance/code/sc/SIKA.SE.json
2023-11-13 01:30:12,461 - yq - INFO - Pricing the product on 2023-08-09 00:00:00
2023-11-13 01:30:12,461 - yq - INFO - The json file path is: /Users/tangyiqwan/Library/CloudStorage/OneDrive-NanyangTechnologicalUniversity/ntu/Acads/4_Y4S1/MH4518/group-project/code/simulation-in-finance/code/sc/LONN.SE.json
2023-11-13 01:30:12,466 - yq - INFO - The json file path is: /Users/tangyiqwan/Library/CloudStorage/OneDrive-NanyangTechnologicalUniversity/ntu/Acads/4_Y4S1/MH4518/group-project/code/simulation-in-finance/code/sc/SIKA.SE.json
2023-11-13 01:30:12,672 - yq - INFO - The historical data is
             LONN.SE  SIKA.SE
Date                        
2022-08-10    569.8    237.3
2022-08-11    584.0    246.3
2022-08-12    570.2    243.4
2022-08-15    569.6    247.6
2022-08-16    558.4    243.4
2023-11-13 01:30:12,673 - yq - INFO - File path is /Users/tangyiqwan/Library/CloudStorage/OneDrive-NanyangTechnologicalUniversity/ntu/Acads/4_Y4S1/MH4518/group-project/code/simulation-in-finance/data/options-cleaned/20230809/lonn_call.csv
2023-11-13 01:30:12,675 - yq - INFO - Options data read is
    maturity  strike      price         IV    rate
0   0.10386     440  52.149994  27.330225  0.0175
1   0.10386     450  43.049988  25.649502  0.0175
2   0.10386     460  34.500000  24.389547  0.0175
3   0.10386     470  26.799995  23.625263  0.0175
4   0.10386     480  19.849991  22.715864  0.0175
2023-11-13 01:30:12,676 - yq - INFO - File path is /Users/tangyiqwan/Library/CloudStorage/OneDrive-NanyangTechnologicalUniversity/ntu/Acads/4_Y4S1/MH4518/group-project/code/simulation-in-finance/data/options-cleaned/20230809/sika_call.csv
2023-11-13 01:30:12,678 - yq - INFO - Options data read is
    maturity  strike      price         IV    rate
0   0.10386     220  48.050003  38.010380  0.0175
1   0.10386     230  38.400002  33.623005  0.0175
2   0.10386     240  29.074997  29.997280  0.0175
3   0.10386     250  20.525002  27.632607  0.0175
4   0.10386     260  13.275000  26.195461  0.0175
2023-11-13 01:30:12,681 - yq - INFO - LONZA and SIKA df are 
   maturity  strike      price    rate
0   0.10386     440  52.149994  0.0175
1   0.10386     450  43.049988  0.0175
2   0.10386     460  34.500000  0.0175
3   0.10386     470  26.799995  0.0175
4   0.10386     480  19.849991  0.0175
   maturity  strike      price    rate
0   0.10386     220  48.050003  0.0175
1   0.10386     230  38.400002  0.0175
2   0.10386     240  29.074997  0.0175
3   0.10386     250  20.525002  0.0175
4   0.10386     260  13.275000  0.0175
2023-11-13 01:30:12,681 - yq - INFO - Calibrating LONZA.
2023-11-13 01:30:16,955 - yq - INFO - Calibrating SIKA.
2023-11-13 01:30:21,382 - yq - INFO - The S_0 for LONZA and SIKA are 489.0 and 265.5
2023-11-13 01:30:21,384 - yq - INFO - Calibration results for LONZA and SIKA are 
<lmfit.minimizer.MinimizerResult object at 0x178527a10>
 <lmfit.minimizer.MinimizerResult object at 0x17858ec10>
2023-11-13 01:30:21,384 - yq - INFO - The elapsed time for 2 calibration is 0 minutes, 8 seconds
2023-11-13 01:30:21,384 - yq - INFO - The calibrated params_list_Heston is:
 [[ 3.5498129   0.12429415  0.06651262 -0.29351808  2.15034309]
 [ 4.65314877  0.14327446  0.12397803 -0.49566622  3.43812379]]
2023-11-13 01:30:21,390 - yq - INFO - The log returns list for all assets is: [Date
2022-08-11    0.024616
2022-08-12   -0.023914
2022-08-15   -0.001053
2022-08-16   -0.019859
2022-08-17    0.003932
                ...   
2023-08-03   -0.015793
2023-08-04    0.006104
2023-08-07   -0.005696
2023-08-08    0.002038
2023-08-09   -0.004489
Name: LONN.SE, Length: 251, dtype: float64, Date
2022-08-11    0.037225
2022-08-12   -0.011844
2022-08-15    0.017108
2022-08-16   -0.017108
2022-08-17   -0.012402
                ...   
2023-08-03   -0.008169
2023-08-04    0.039479
2023-08-07   -0.028724
2023-08-08   -0.013368
2023-08-09   -0.007505
Name: SIKA.SE, Length: 251, dtype: float64]
2023-11-13 01:30:21,390 - yq - INFO - rho_S1S2 is 0.5700777401625888

2023-11-13 01:30:21,391 - yq - INFO - Correlation between log returns of each asset:
[[1.         0.57007774]
 [0.57007774 1.        ]]

2023-11-13 01:30:21,391 - yq - INFO - Simplified correlation matrix is:
[[ 1.         -0.29351808  0.57007774  0.        ]
 [-0.29351808  1.          0.          0.        ]
 [ 0.57007774  0.          1.         -0.49566622]
 [ 0.          0.         -0.49566622  1.        ]]

2023-11-13 01:30:21,391 - yq - INFO - Lower triangular matrix L after Cholesky decomposition is:
[[ 1.          0.          0.          0.        ]
 [-0.29351808  0.95595352  0.          0.        ]
 [ 0.57007774  0.17503793  0.80272853  0.        ]
 [ 0.          0.         -0.61747676  0.78658912]]

2023-11-13 01:30:21,396 - yq - INFO - The adjusted S_0 is [489.  265.5]
2023-11-13 01:30:21,418 - yq - INFO - The new column names are ['LONN.SE_0', 'SIKA.SE_0']
2023-11-13 01:30:21,420 - yq - INFO - The simulated data for 0th iteration is:
     LONN.SE_0   SIKA.SE_0
0  451.469047  230.148042
1  480.592705  247.379000
2  399.412485  186.450303
3  378.707304  184.696263
4  416.834015  200.988411
2023-11-13 01:30:21,527 - yq - INFO - 1 sim, diff h, sim_data_comb:
             LONN.SE_0   SIKA.SE_0
Date                              
2023-08-10  451.469047  230.148042
2023-08-11  480.592705  247.379000
2023-08-14  399.412485  186.450303
2023-08-15  378.707304  184.696263
2023-08-16  416.834015  200.988411
2023-11-13 01:30:21,684 - yq - INFO - Path of 1 sim is plotted
2023-11-13 01:30:21,686 - yq - INFO - The elapsed time for 0th sim is 0 minutes, 9 seconds
2023-11-13 01:30:21,687 - yq - INFO - The elapsed time for 1 pricing dates is 0 minutes, 9 seconds
2023-11-13 01:32:30,873 - yq - INFO - The json file path is: /Users/tangyiqwan/Library/CloudStorage/OneDrive-NanyangTechnologicalUniversity/ntu/Acads/4_Y4S1/MH4518/group-project/code/simulation-in-finance/code/sc/LONN.SE.json
2023-11-13 01:32:30,883 - yq - INFO - The json file path is: /Users/tangyiqwan/Library/CloudStorage/OneDrive-NanyangTechnologicalUniversity/ntu/Acads/4_Y4S1/MH4518/group-project/code/simulation-in-finance/code/sc/SIKA.SE.json
2023-11-13 01:34:18,696 - yq - INFO - The json file path is: /Users/tangyiqwan/Library/CloudStorage/OneDrive-NanyangTechnologicalUniversity/ntu/Acads/4_Y4S1/MH4518/group-project/code/simulation-in-finance/code/sc/LONN.SE.json
2023-11-13 01:34:18,709 - yq - INFO - The json file path is: /Users/tangyiqwan/Library/CloudStorage/OneDrive-NanyangTechnologicalUniversity/ntu/Acads/4_Y4S1/MH4518/group-project/code/simulation-in-finance/code/sc/SIKA.SE.json
2023-11-13 01:36:03,095 - yq - INFO - The json file path is: /Users/tangyiqwan/Library/CloudStorage/OneDrive-NanyangTechnologicalUniversity/ntu/Acads/4_Y4S1/MH4518/group-project/code/simulation-in-finance/code/sc/LONN.SE.json
2023-11-13 01:36:03,111 - yq - INFO - The json file path is: /Users/tangyiqwan/Library/CloudStorage/OneDrive-NanyangTechnologicalUniversity/ntu/Acads/4_Y4S1/MH4518/group-project/code/simulation-in-finance/code/sc/SIKA.SE.json
2023-11-13 01:36:03,511 - yq - INFO - Pricing the product on 2023-08-09 00:00:00
2023-11-13 01:36:03,511 - yq - INFO - The json file path is: /Users/tangyiqwan/Library/CloudStorage/OneDrive-NanyangTechnologicalUniversity/ntu/Acads/4_Y4S1/MH4518/group-project/code/simulation-in-finance/code/sc/LONN.SE.json
2023-11-13 01:36:03,516 - yq - INFO - The json file path is: /Users/tangyiqwan/Library/CloudStorage/OneDrive-NanyangTechnologicalUniversity/ntu/Acads/4_Y4S1/MH4518/group-project/code/simulation-in-finance/code/sc/SIKA.SE.json
2023-11-13 01:36:03,739 - yq - INFO - The historical data is
             LONN.SE  SIKA.SE
Date                        
2022-08-10    569.8    237.3
2022-08-11    584.0    246.3
2022-08-12    570.2    243.4
2022-08-15    569.6    247.6
2022-08-16    558.4    243.4
2023-11-13 01:36:03,742 - yq - INFO - File path is /Users/tangyiqwan/Library/CloudStorage/OneDrive-NanyangTechnologicalUniversity/ntu/Acads/4_Y4S1/MH4518/group-project/code/simulation-in-finance/data/options-cleaned/20230809/lonn_call.csv
2023-11-13 01:36:03,746 - yq - INFO - Options data read is
    maturity  strike      price         IV    rate
0   0.10386     440  52.149994  27.330225  0.0175
1   0.10386     450  43.049988  25.649502  0.0175
2   0.10386     460  34.500000  24.389547  0.0175
3   0.10386     470  26.799995  23.625263  0.0175
4   0.10386     480  19.849991  22.715864  0.0175
2023-11-13 01:36:03,747 - yq - INFO - File path is /Users/tangyiqwan/Library/CloudStorage/OneDrive-NanyangTechnologicalUniversity/ntu/Acads/4_Y4S1/MH4518/group-project/code/simulation-in-finance/data/options-cleaned/20230809/sika_call.csv
2023-11-13 01:36:03,748 - yq - INFO - Options data read is
    maturity  strike      price         IV    rate
0   0.10386     220  48.050003  38.010380  0.0175
1   0.10386     230  38.400002  33.623005  0.0175
2   0.10386     240  29.074997  29.997280  0.0175
3   0.10386     250  20.525002  27.632607  0.0175
4   0.10386     260  13.275000  26.195461  0.0175
2023-11-13 01:36:03,752 - yq - INFO - LONZA and SIKA df are 
   maturity  strike      price    rate
0   0.10386     440  52.149994  0.0175
1   0.10386     450  43.049988  0.0175
2   0.10386     460  34.500000  0.0175
3   0.10386     470  26.799995  0.0175
4   0.10386     480  19.849991  0.0175
   maturity  strike      price    rate
0   0.10386     220  48.050003  0.0175
1   0.10386     230  38.400002  0.0175
2   0.10386     240  29.074997  0.0175
3   0.10386     250  20.525002  0.0175
4   0.10386     260  13.275000  0.0175
2023-11-13 01:36:03,752 - yq - INFO - Calibrating LONZA.
2023-11-13 01:36:08,482 - yq - INFO - Calibrating SIKA.
2023-11-13 01:36:13,487 - yq - INFO - The S_0 for LONZA and SIKA are 489.0 and 265.5
2023-11-13 01:36:13,488 - yq - INFO - Calibration results for LONZA and SIKA are 
<lmfit.minimizer.MinimizerResult object at 0x17410e410>
 <lmfit.minimizer.MinimizerResult object at 0x286f79c90>
2023-11-13 01:36:13,488 - yq - INFO - The elapsed time for 2 calibration is 0 minutes, 9 seconds
2023-11-13 01:36:13,488 - yq - INFO - The calibrated params_list_Heston is:
 [[ 3.54982188  0.12429406  0.06651265 -0.29351817  2.15034621]
 [ 4.65314834  0.14327447  0.12397803 -0.49566623  3.4381238 ]]
2023-11-13 01:36:13,551 - yq - INFO - The log returns list for all assets is: [Date
2022-08-11    0.024616
2022-08-12   -0.023914
2022-08-15   -0.001053
2022-08-16   -0.019859
2022-08-17    0.003932
                ...   
2023-08-03   -0.015793
2023-08-04    0.006104
2023-08-07   -0.005696
2023-08-08    0.002038
2023-08-09   -0.004489
Name: LONN.SE, Length: 251, dtype: float64, Date
2022-08-11    0.037225
2022-08-12   -0.011844
2022-08-15    0.017108
2022-08-16   -0.017108
2022-08-17   -0.012402
                ...   
2023-08-03   -0.008169
2023-08-04    0.039479
2023-08-07   -0.028724
2023-08-08   -0.013368
2023-08-09   -0.007505
Name: SIKA.SE, Length: 251, dtype: float64]
2023-11-13 01:36:13,558 - yq - INFO - rho_S1S2 is 0.5700777401625888

2023-11-13 01:36:13,558 - yq - INFO - Correlation between log returns of each asset:
[[1.         0.57007774]
 [0.57007774 1.        ]]

2023-11-13 01:36:13,560 - yq - INFO - Simplified correlation matrix is:
[[ 1.         -0.29351817  0.57007774  0.        ]
 [-0.29351817  1.          0.          0.        ]
 [ 0.57007774  0.          1.         -0.49566623]
 [ 0.          0.         -0.49566623  1.        ]]

2023-11-13 01:36:13,561 - yq - INFO - Lower triangular matrix L after Cholesky decomposition is:
[[ 1.          0.          0.          0.        ]
 [-0.29351817  0.95595349  0.          0.        ]
 [ 0.57007774  0.17503799  0.80272852  0.        ]
 [ 0.          0.         -0.61747679  0.7865891 ]]

2023-11-13 01:36:13,570 - yq - INFO - The adjusted S_0 is [489.  265.5]
2023-11-13 01:36:13,604 - yq - INFO - The new column names are ['LONN.SE_0', 'SIKA.SE_0']
2023-11-13 01:36:13,609 - yq - INFO - The simulated data for 0th iteration is:
     LONN.SE_0   SIKA.SE_0
0  576.999659  316.960830
1  615.571980  316.613975
2  616.318939  307.972960
3  655.629714  348.999775
4  739.123243  368.507492
2023-11-13 01:36:13,760 - yq - INFO - 1 sim, diff h, sim_data_comb:
             LONN.SE_0   SIKA.SE_0
Date                              
2023-08-10  576.999659  316.960830
2023-08-11  615.571980  316.613975
2023-08-14  616.318939  307.972960
2023-08-15  655.629714  348.999775
2023-08-16  739.123243  368.507492
2023-11-13 01:36:13,866 - yq - INFO - The hist_data is
            LONN.SE  SIKA.SE
Date                        
2022-08-10    569.8    237.3
2022-08-11    584.0    246.3
2022-08-12    570.2    243.4
2022-08-15    569.6    247.6
2022-08-16    558.4    243.4
...             ...      ...
2023-08-03    490.0    268.2
2023-08-04    493.0    279.0
2023-08-07    490.2    271.1
2023-08-08    491.2    267.5
2023-08-09    489.0    265.5

[252 rows x 2 columns]
2023-11-13 01:36:14,045 - yq - INFO - Path of 1 sim is plotted
2023-11-13 01:36:14,045 - yq - INFO - The elapsed time for 0th sim is 0 minutes, 10 seconds
2023-11-13 01:36:14,046 - yq - INFO - The elapsed time for 1 pricing dates is 0 minutes, 10 seconds
2023-11-13 01:42:26,602 - yq - INFO - Pricing the product on 2023-08-09 00:00:00
2023-11-13 01:42:26,603 - yq - INFO - The json file path is: /Users/tangyiqwan/Library/CloudStorage/OneDrive-NanyangTechnologicalUniversity/ntu/Acads/4_Y4S1/MH4518/group-project/code/simulation-in-finance/code/sc/LONN.SE.json
2023-11-13 01:42:26,615 - yq - INFO - The json file path is: /Users/tangyiqwan/Library/CloudStorage/OneDrive-NanyangTechnologicalUniversity/ntu/Acads/4_Y4S1/MH4518/group-project/code/simulation-in-finance/code/sc/SIKA.SE.json
2023-11-13 01:42:26,808 - yq - INFO - The historical data is
             LONN.SE  SIKA.SE
Date                        
2022-08-10    569.8    237.3
2022-08-11    584.0    246.3
2022-08-12    570.2    243.4
2022-08-15    569.6    247.6
2022-08-16    558.4    243.4
2023-11-13 01:42:26,811 - yq - INFO - File path is /Users/tangyiqwan/Library/CloudStorage/OneDrive-NanyangTechnologicalUniversity/ntu/Acads/4_Y4S1/MH4518/group-project/code/simulation-in-finance/data/options-cleaned/20230809/lonn_call.csv
2023-11-13 01:42:26,813 - yq - INFO - Options data read is
    maturity  strike      price         IV    rate
0   0.10386     440  52.149994  27.330225  0.0175
1   0.10386     450  43.049988  25.649502  0.0175
2   0.10386     460  34.500000  24.389547  0.0175
3   0.10386     470  26.799995  23.625263  0.0175
4   0.10386     480  19.849991  22.715864  0.0175
2023-11-13 01:42:26,815 - yq - INFO - File path is /Users/tangyiqwan/Library/CloudStorage/OneDrive-NanyangTechnologicalUniversity/ntu/Acads/4_Y4S1/MH4518/group-project/code/simulation-in-finance/data/options-cleaned/20230809/sika_call.csv
2023-11-13 01:42:26,817 - yq - INFO - Options data read is
    maturity  strike      price         IV    rate
0   0.10386     220  48.050003  38.010380  0.0175
1   0.10386     230  38.400002  33.623005  0.0175
2   0.10386     240  29.074997  29.997280  0.0175
3   0.10386     250  20.525002  27.632607  0.0175
4   0.10386     260  13.275000  26.195461  0.0175
2023-11-13 01:42:26,820 - yq - INFO - LONZA and SIKA df are 
   maturity  strike      price    rate
0   0.10386     440  52.149994  0.0175
1   0.10386     450  43.049988  0.0175
2   0.10386     460  34.500000  0.0175
3   0.10386     470  26.799995  0.0175
4   0.10386     480  19.849991  0.0175
   maturity  strike      price    rate
0   0.10386     220  48.050003  0.0175
1   0.10386     230  38.400002  0.0175
2   0.10386     240  29.074997  0.0175
3   0.10386     250  20.525002  0.0175
4   0.10386     260  13.275000  0.0175
2023-11-13 01:42:26,820 - yq - INFO - Calibrating LONZA.
2023-11-13 01:42:30,605 - yq - INFO - Calibrating SIKA.
2023-11-13 01:42:34,487 - yq - INFO - The S_0 for LONZA and SIKA are 489.0 and 265.5
2023-11-13 01:42:34,488 - yq - INFO - Calibration results for LONZA and SIKA are 
<lmfit.minimizer.MinimizerResult object at 0x163112310>
 <lmfit.minimizer.MinimizerResult object at 0x1632240d0>
2023-11-13 01:42:34,488 - yq - INFO - The elapsed time for 2 calibration is 0 minutes, 7 seconds
2023-11-13 01:42:34,489 - yq - INFO - The calibrated params_list_Heston is:
 [[ 3.54979541  0.12429434  0.06651256 -0.29351791  2.15033696]
 [ 4.6531483   0.14327447  0.12397803 -0.49566622  3.43812375]]
2023-11-13 01:42:34,492 - yq - INFO - The log returns list for all assets is: [Date
2022-08-11    0.024616
2022-08-12   -0.023914
2022-08-15   -0.001053
2022-08-16   -0.019859
2022-08-17    0.003932
                ...   
2023-08-03   -0.015793
2023-08-04    0.006104
2023-08-07   -0.005696
2023-08-08    0.002038
2023-08-09   -0.004489
Name: LONN.SE, Length: 251, dtype: float64, Date
2022-08-11    0.037225
2022-08-12   -0.011844
2022-08-15    0.017108
2022-08-16   -0.017108
2022-08-17   -0.012402
                ...   
2023-08-03   -0.008169
2023-08-04    0.039479
2023-08-07   -0.028724
2023-08-08   -0.013368
2023-08-09   -0.007505
Name: SIKA.SE, Length: 251, dtype: float64]
2023-11-13 01:42:34,493 - yq - INFO - rho_S1S2 is 0.5700777401625888

2023-11-13 01:42:34,493 - yq - INFO - Correlation between log returns of each asset:
[[1.         0.57007774]
 [0.57007774 1.        ]]

2023-11-13 01:42:34,493 - yq - INFO - Simplified correlation matrix is:
[[ 1.         -0.29351791  0.57007774  0.        ]
 [-0.29351791  1.          0.          0.        ]
 [ 0.57007774  0.          1.         -0.49566622]
 [ 0.          0.         -0.49566622  1.        ]]

2023-11-13 01:42:34,497 - yq - INFO - Lower triangular matrix L after Cholesky decomposition is:
[[ 1.          0.          0.          0.        ]
 [-0.29351791  0.95595357  0.          0.        ]
 [ 0.57007774  0.17503782  0.80272855  0.        ]
 [ 0.          0.         -0.61747676  0.78658913]]

2023-11-13 01:42:34,525 - yq - INFO - The adjusted S_0 is [489.  265.5]
2023-11-13 01:42:34,545 - yq - INFO - The new column names are ['LONN.SE_0', 'SIKA.SE_0']
2023-11-13 01:42:34,546 - yq - INFO - The simulated data for 0th iteration is:
     LONN.SE_0   SIKA.SE_0
0  484.099992  285.496105
1  469.804164  334.677966
2  497.942408  325.385367
3  516.645531  334.237444
4  532.419578  327.292540
2023-11-13 01:42:34,626 - yq - INFO - 1 sim, diff h, sim_data_comb:
             LONN.SE_0   SIKA.SE_0
Date                              
2023-08-10  484.099992  285.496105
2023-08-11  469.804164  334.677966
2023-08-14  497.942408  325.385367
2023-08-15  516.645531  334.237444
2023-08-16  532.419578  327.292540
2023-11-13 01:42:36,265 - yq - INFO - The hist_data is
            LONN.SE  SIKA.SE
Date                        
2022-08-10    569.8    237.3
2022-08-11    584.0    246.3
2022-08-12    570.2    243.4
2022-08-15    569.6    247.6
2022-08-16    558.4    243.4
...             ...      ...
2023-08-03    490.0    268.2
2023-08-04    493.0    279.0
2023-08-07    490.2    271.1
2023-08-08    491.2    267.5
2023-08-09    489.0    265.5

[252 rows x 2 columns]
2023-11-13 01:42:36,377 - yq - INFO - Path of 1 sim is plotted
2023-11-13 01:42:36,377 - yq - INFO - The elapsed time for 0th sim is 0 minutes, 9 seconds
2023-11-13 01:42:36,377 - yq - INFO - The elapsed time for 1 pricing dates is 0 minutes, 9 seconds
2023-11-13 01:43:00,721 - yq - INFO - Pricing the product on 2023-08-09 00:00:00
2023-11-13 01:43:00,722 - yq - INFO - The json file path is: /Users/tangyiqwan/Library/CloudStorage/OneDrive-NanyangTechnologicalUniversity/ntu/Acads/4_Y4S1/MH4518/group-project/code/simulation-in-finance/code/sc/LONN.SE.json
2023-11-13 01:43:00,729 - yq - INFO - The json file path is: /Users/tangyiqwan/Library/CloudStorage/OneDrive-NanyangTechnologicalUniversity/ntu/Acads/4_Y4S1/MH4518/group-project/code/simulation-in-finance/code/sc/SIKA.SE.json
2023-11-13 01:43:00,983 - yq - INFO - The historical data is
             LONN.SE  SIKA.SE
Date                        
2022-08-10    569.8    237.3
2022-08-11    584.0    246.3
2022-08-12    570.2    243.4
2022-08-15    569.6    247.6
2022-08-16    558.4    243.4
2023-11-13 01:43:00,987 - yq - INFO - File path is /Users/tangyiqwan/Library/CloudStorage/OneDrive-NanyangTechnologicalUniversity/ntu/Acads/4_Y4S1/MH4518/group-project/code/simulation-in-finance/data/options-cleaned/20230809/lonn_call.csv
2023-11-13 01:43:00,990 - yq - INFO - Options data read is
    maturity  strike      price         IV    rate
0   0.10386     440  52.149994  27.330225  0.0175
1   0.10386     450  43.049988  25.649502  0.0175
2   0.10386     460  34.500000  24.389547  0.0175
3   0.10386     470  26.799995  23.625263  0.0175
4   0.10386     480  19.849991  22.715864  0.0175
2023-11-13 01:43:00,991 - yq - INFO - File path is /Users/tangyiqwan/Library/CloudStorage/OneDrive-NanyangTechnologicalUniversity/ntu/Acads/4_Y4S1/MH4518/group-project/code/simulation-in-finance/data/options-cleaned/20230809/sika_call.csv
2023-11-13 01:43:00,997 - yq - INFO - Options data read is
    maturity  strike      price         IV    rate
0   0.10386     220  48.050003  38.010380  0.0175
1   0.10386     230  38.400002  33.623005  0.0175
2   0.10386     240  29.074997  29.997280  0.0175
3   0.10386     250  20.525002  27.632607  0.0175
4   0.10386     260  13.275000  26.195461  0.0175
2023-11-13 01:43:01,006 - yq - INFO - LONZA and SIKA df are 
   maturity  strike      price    rate
0   0.10386     440  52.149994  0.0175
1   0.10386     450  43.049988  0.0175
2   0.10386     460  34.500000  0.0175
3   0.10386     470  26.799995  0.0175
4   0.10386     480  19.849991  0.0175
   maturity  strike      price    rate
0   0.10386     220  48.050003  0.0175
1   0.10386     230  38.400002  0.0175
2   0.10386     240  29.074997  0.0175
3   0.10386     250  20.525002  0.0175
4   0.10386     260  13.275000  0.0175
2023-11-13 01:43:01,006 - yq - INFO - Calibrating LONZA.
2023-11-13 01:43:05,133 - yq - INFO - Calibrating SIKA.
2023-11-13 01:43:09,893 - yq - INFO - The S_0 for LONZA and SIKA are 489.0 and 265.5
2023-11-13 01:43:09,894 - yq - INFO - Calibration results for LONZA and SIKA are 
<lmfit.minimizer.MinimizerResult object at 0x1755f7cd0>
 <lmfit.minimizer.MinimizerResult object at 0x1756fe490>
2023-11-13 01:43:09,894 - yq - INFO - The elapsed time for 2 calibration is 0 minutes, 8 seconds
2023-11-13 01:43:09,894 - yq - INFO - The calibrated params_list_Heston is:
 [[ 3.54980369  0.12429425  0.06651259 -0.29351799  2.15033984]
 [ 4.65314853  0.14327447  0.12397803 -0.49566623  3.4381239 ]]
2023-11-13 01:43:09,899 - yq - INFO - The log returns list for all assets is: [Date
2022-08-11    0.024616
2022-08-12   -0.023914
2022-08-15   -0.001053
2022-08-16   -0.019859
2022-08-17    0.003932
                ...   
2023-08-03   -0.015793
2023-08-04    0.006104
2023-08-07   -0.005696
2023-08-08    0.002038
2023-08-09   -0.004489
Name: LONN.SE, Length: 251, dtype: float64, Date
2022-08-11    0.037225
2022-08-12   -0.011844
2022-08-15    0.017108
2022-08-16   -0.017108
2022-08-17   -0.012402
                ...   
2023-08-03   -0.008169
2023-08-04    0.039479
2023-08-07   -0.028724
2023-08-08   -0.013368
2023-08-09   -0.007505
Name: SIKA.SE, Length: 251, dtype: float64]
2023-11-13 01:43:09,899 - yq - INFO - rho_S1S2 is 0.5700777401625888

2023-11-13 01:43:09,899 - yq - INFO - Correlation between log returns of each asset:
[[1.         0.57007774]
 [0.57007774 1.        ]]

2023-11-13 01:43:09,899 - yq - INFO - Simplified correlation matrix is:
[[ 1.         -0.29351799  0.57007774  0.        ]
 [-0.29351799  1.          0.          0.        ]
 [ 0.57007774  0.          1.         -0.49566623]
 [ 0.          0.         -0.49566623  1.        ]]

2023-11-13 01:43:09,899 - yq - INFO - Lower triangular matrix L after Cholesky decomposition is:
[[ 1.          0.          0.          0.        ]
 [-0.29351799  0.95595355  0.          0.        ]
 [ 0.57007774  0.17503787  0.80272854  0.        ]
 [ 0.          0.         -0.61747677  0.78658912]]

2023-11-13 01:43:09,902 - yq - INFO - The adjusted S_0 is [489.  265.5]
2023-11-13 01:43:09,926 - yq - INFO - The new column names are ['LONN.SE_0', 'SIKA.SE_0']
2023-11-13 01:43:09,928 - yq - INFO - The simulated data for 0th iteration is:
     LONN.SE_0   SIKA.SE_0
0  530.396696  283.740244
1  534.366699  282.734907
2  505.342335  290.129095
3  527.194427  311.558160
4  438.287380  253.961864
2023-11-13 01:43:10,055 - yq - INFO - 1 sim, diff h, sim_data_comb:
             LONN.SE_0   SIKA.SE_0
Date                              
2023-08-10  530.396696  283.740244
2023-08-11  534.366699  282.734907
2023-08-14  505.342335  290.129095
2023-08-15  527.194427  311.558160
2023-08-16  438.287380  253.961864
2023-11-13 01:43:10,457 - yq - INFO - The hist_data is
            LONN.SE  SIKA.SE
Date                        
2022-08-10    569.8    237.3
2022-08-11    584.0    246.3
2022-08-12    570.2    243.4
2022-08-15    569.6    247.6
2022-08-16    558.4    243.4
...             ...      ...
2023-08-03    490.0    268.2
2023-08-04    493.0    279.0
2023-08-07    490.2    271.1
2023-08-08    491.2    267.5
2023-08-09    489.0    265.5

[252 rows x 2 columns]
2023-11-13 01:43:10,605 - yq - INFO - Path of 1 sim is plotted
2023-11-13 01:43:10,605 - yq - INFO - The elapsed time for 0th sim is 0 minutes, 9 seconds
2023-11-13 01:43:10,606 - yq - INFO - The elapsed time for 1 pricing dates is 0 minutes, 9 seconds
2023-11-13 01:47:20,633 - yq - INFO - Pricing the product on 2023-08-09 00:00:00
2023-11-13 01:47:20,635 - yq - INFO - The json file path is: /Users/tangyiqwan/Library/CloudStorage/OneDrive-NanyangTechnologicalUniversity/ntu/Acads/4_Y4S1/MH4518/group-project/code/simulation-in-finance/code/sc/LONN.SE.json
2023-11-13 01:47:20,646 - yq - INFO - The json file path is: /Users/tangyiqwan/Library/CloudStorage/OneDrive-NanyangTechnologicalUniversity/ntu/Acads/4_Y4S1/MH4518/group-project/code/simulation-in-finance/code/sc/SIKA.SE.json
2023-11-13 01:47:20,933 - yq - INFO - The historical data is
             LONN.SE  SIKA.SE
Date                        
2022-08-10    569.8    237.3
2022-08-11    584.0    246.3
2022-08-12    570.2    243.4
2022-08-15    569.6    247.6
2022-08-16    558.4    243.4
2023-11-13 01:47:20,939 - yq - INFO - File path is /Users/tangyiqwan/Library/CloudStorage/OneDrive-NanyangTechnologicalUniversity/ntu/Acads/4_Y4S1/MH4518/group-project/code/simulation-in-finance/data/options-cleaned/20230809/lonn_call.csv
2023-11-13 01:47:20,941 - yq - INFO - Options data read is
    maturity  strike      price         IV    rate
0   0.10386     440  52.149994  27.330225  0.0175
1   0.10386     450  43.049988  25.649502  0.0175
2   0.10386     460  34.500000  24.389547  0.0175
3   0.10386     470  26.799995  23.625263  0.0175
4   0.10386     480  19.849991  22.715864  0.0175
2023-11-13 01:47:20,943 - yq - INFO - File path is /Users/tangyiqwan/Library/CloudStorage/OneDrive-NanyangTechnologicalUniversity/ntu/Acads/4_Y4S1/MH4518/group-project/code/simulation-in-finance/data/options-cleaned/20230809/sika_call.csv
2023-11-13 01:47:20,945 - yq - INFO - Options data read is
    maturity  strike      price         IV    rate
0   0.10386     220  48.050003  38.010380  0.0175
1   0.10386     230  38.400002  33.623005  0.0175
2   0.10386     240  29.074997  29.997280  0.0175
3   0.10386     250  20.525002  27.632607  0.0175
4   0.10386     260  13.275000  26.195461  0.0175
2023-11-13 01:47:20,949 - yq - INFO - LONZA and SIKA df are 
   maturity  strike      price    rate
0   0.10386     440  52.149994  0.0175
1   0.10386     450  43.049988  0.0175
2   0.10386     460  34.500000  0.0175
3   0.10386     470  26.799995  0.0175
4   0.10386     480  19.849991  0.0175
   maturity  strike      price    rate
0   0.10386     220  48.050003  0.0175
1   0.10386     230  38.400002  0.0175
2   0.10386     240  29.074997  0.0175
3   0.10386     250  20.525002  0.0175
4   0.10386     260  13.275000  0.0175
2023-11-13 01:47:20,949 - yq - INFO - Calibrating LONZA.
2023-11-13 01:47:26,061 - yq - INFO - Calibrating SIKA.
2023-11-13 01:47:32,514 - yq - INFO - The S_0 for LONZA and SIKA are 489.0 and 265.5
2023-11-13 01:47:32,515 - yq - INFO - Calibration results for LONZA and SIKA are 
<lmfit.minimizer.MinimizerResult object at 0x175e2f410>
 <lmfit.minimizer.MinimizerResult object at 0x175d1de10>
2023-11-13 01:47:32,515 - yq - INFO - The elapsed time for 2 calibration is 0 minutes, 11 seconds
2023-11-13 01:47:32,515 - yq - INFO - The calibrated params_list_Heston is:
 [[ 3.54981647  0.12429412  0.06651263 -0.29351812  2.15034432]
 [ 4.65314871  0.14327446  0.12397803 -0.49566621  3.43812374]]
2023-11-13 01:47:32,530 - yq - INFO - The log returns list for all assets is: [Date
2022-08-11    0.024616
2022-08-12   -0.023914
2022-08-15   -0.001053
2022-08-16   -0.019859
2022-08-17    0.003932
                ...   
2023-08-03   -0.015793
2023-08-04    0.006104
2023-08-07   -0.005696
2023-08-08    0.002038
2023-08-09   -0.004489
Name: LONN.SE, Length: 251, dtype: float64, Date
2022-08-11    0.037225
2022-08-12   -0.011844
2022-08-15    0.017108
2022-08-16   -0.017108
2022-08-17   -0.012402
                ...   
2023-08-03   -0.008169
2023-08-04    0.039479
2023-08-07   -0.028724
2023-08-08   -0.013368
2023-08-09   -0.007505
Name: SIKA.SE, Length: 251, dtype: float64]
2023-11-13 01:47:32,530 - yq - INFO - rho_S1S2 is 0.5700777401625888

2023-11-13 01:47:32,530 - yq - INFO - Correlation between log returns of each asset:
[[1.         0.57007774]
 [0.57007774 1.        ]]

2023-11-13 01:47:32,530 - yq - INFO - Simplified correlation matrix is:
[[ 1.         -0.29351812  0.57007774  0.        ]
 [-0.29351812  1.          0.          0.        ]
 [ 0.57007774  0.          1.         -0.49566621]
 [ 0.          0.         -0.49566621  1.        ]]

2023-11-13 01:47:32,531 - yq - INFO - Lower triangular matrix L after Cholesky decomposition is:
[[ 1.          0.          0.          0.        ]
 [-0.29351812  0.95595351  0.          0.        ]
 [ 0.57007774  0.17503795  0.80272853  0.        ]
 [ 0.          0.         -0.61747677  0.78658912]]

2023-11-13 01:47:32,538 - yq - INFO - The adjusted S_0 is [489.  265.5]
2023-11-13 01:47:32,571 - yq - INFO - The new column names are ['LONN.SE_0', 'SIKA.SE_0']
2023-11-13 01:47:32,573 - yq - INFO - The simulated data for 0th iteration is:
     LONN.SE_0   SIKA.SE_0
0  404.421622  259.754587
1  308.162961  185.154849
2  282.078911  196.827422
3  280.160011  203.642494
4  261.642348  197.792799
2023-11-13 01:47:32,722 - yq - INFO - 1 sim, diff h, sim_data_comb:
             LONN.SE_0   SIKA.SE_0
Date                              
2023-08-10  404.421622  259.754587
2023-08-11  308.162961  185.154849
2023-08-14  282.078911  196.827422
2023-08-15  280.160011  203.642494
2023-08-16  261.642348  197.792799
2023-11-13 01:47:33,299 - yq - INFO - The hist_data is
            LONN.SE  SIKA.SE
Date                        
2022-08-10    569.8    237.3
2022-08-11    584.0    246.3
2022-08-12    570.2    243.4
2022-08-15    569.6    247.6
2022-08-16    558.4    243.4
...             ...      ...
2023-08-03    490.0    268.2
2023-08-04    493.0    279.0
2023-08-07    490.2    271.1
2023-08-08    491.2    267.5
2023-08-09    489.0    265.5

[252 rows x 2 columns]
2023-11-13 01:47:33,300 - yq - ERROR - Error during calibration on 2023-08-09 00:00:00: cannot concatenate object of type '<class 'numpy.ndarray'>'; only Series and DataFrame objs are valid
2023-11-13 01:47:33,300 - yq - INFO - The elapsed time for 0 pricing dates is 0 minutes, 12 seconds
2023-11-13 01:54:53,799 - yq - INFO - Pricing the product on 2023-08-09 00:00:00
2023-11-13 01:54:53,806 - yq - INFO - The json file path is: /Users/tangyiqwan/Library/CloudStorage/OneDrive-NanyangTechnologicalUniversity/ntu/Acads/4_Y4S1/MH4518/group-project/code/simulation-in-finance/code/sc/LONN.SE.json
2023-11-13 01:54:53,833 - yq - INFO - The json file path is: /Users/tangyiqwan/Library/CloudStorage/OneDrive-NanyangTechnologicalUniversity/ntu/Acads/4_Y4S1/MH4518/group-project/code/simulation-in-finance/code/sc/SIKA.SE.json
2023-11-13 01:54:54,652 - yq - INFO - The historical data is
             LONN.SE  SIKA.SE
Date                        
2022-08-10    569.8    237.3
2022-08-11    584.0    246.3
2022-08-12    570.2    243.4
2022-08-15    569.6    247.6
2022-08-16    558.4    243.4
2023-11-13 01:54:54,696 - yq - INFO - File path is /Users/tangyiqwan/Library/CloudStorage/OneDrive-NanyangTechnologicalUniversity/ntu/Acads/4_Y4S1/MH4518/group-project/code/simulation-in-finance/data/options-cleaned/20230809/lonn_call.csv
2023-11-13 01:54:54,701 - yq - INFO - Options data read is
    maturity  strike      price         IV    rate
0   0.10386     440  52.149994  27.330225  0.0175
1   0.10386     450  43.049988  25.649502  0.0175
2   0.10386     460  34.500000  24.389547  0.0175
3   0.10386     470  26.799995  23.625263  0.0175
4   0.10386     480  19.849991  22.715864  0.0175
2023-11-13 01:54:54,703 - yq - INFO - File path is /Users/tangyiqwan/Library/CloudStorage/OneDrive-NanyangTechnologicalUniversity/ntu/Acads/4_Y4S1/MH4518/group-project/code/simulation-in-finance/data/options-cleaned/20230809/sika_call.csv
2023-11-13 01:54:54,716 - yq - INFO - Options data read is
    maturity  strike      price         IV    rate
0   0.10386     220  48.050003  38.010380  0.0175
1   0.10386     230  38.400002  33.623005  0.0175
2   0.10386     240  29.074997  29.997280  0.0175
3   0.10386     250  20.525002  27.632607  0.0175
4   0.10386     260  13.275000  26.195461  0.0175
2023-11-13 01:54:54,724 - yq - INFO - LONZA and SIKA df are 
   maturity  strike      price    rate
0   0.10386     440  52.149994  0.0175
1   0.10386     450  43.049988  0.0175
2   0.10386     460  34.500000  0.0175
3   0.10386     470  26.799995  0.0175
4   0.10386     480  19.849991  0.0175
   maturity  strike      price    rate
0   0.10386     220  48.050003  0.0175
1   0.10386     230  38.400002  0.0175
2   0.10386     240  29.074997  0.0175
3   0.10386     250  20.525002  0.0175
4   0.10386     260  13.275000  0.0175
2023-11-13 01:54:54,724 - yq - INFO - Calibrating LONZA.
2023-11-13 01:55:02,029 - yq - INFO - Calibrating SIKA.
2023-11-13 01:55:08,628 - yq - INFO - The S_0 for LONZA and SIKA are 489.0 and 265.5
2023-11-13 01:55:08,628 - yq - INFO - Calibration results for LONZA and SIKA are 
<lmfit.minimizer.MinimizerResult object at 0x165eb1f90>
 <lmfit.minimizer.MinimizerResult object at 0x165ea29d0>
2023-11-13 01:55:08,628 - yq - INFO - The elapsed time for 2 calibration is 0 minutes, 13 seconds
2023-11-13 01:55:08,628 - yq - INFO - The calibrated params_list_Heston is:
 [[ 3.54980998  0.12429419  0.06651261 -0.29351805  2.15034203]
 [ 4.65314856  0.14327447  0.12397803 -0.49566624  3.43812403]]
2023-11-13 01:55:08,634 - yq - INFO - The log returns list for all assets is: [Date
2022-08-11    0.024616
2022-08-12   -0.023914
2022-08-15   -0.001053
2022-08-16   -0.019859
2022-08-17    0.003932
                ...   
2023-08-03   -0.015793
2023-08-04    0.006104
2023-08-07   -0.005696
2023-08-08    0.002038
2023-08-09   -0.004489
Name: LONN.SE, Length: 251, dtype: float64, Date
2022-08-11    0.037225
2022-08-12   -0.011844
2022-08-15    0.017108
2022-08-16   -0.017108
2022-08-17   -0.012402
                ...   
2023-08-03   -0.008169
2023-08-04    0.039479
2023-08-07   -0.028724
2023-08-08   -0.013368
2023-08-09   -0.007505
Name: SIKA.SE, Length: 251, dtype: float64]
2023-11-13 01:55:08,634 - yq - INFO - rho_S1S2 is 0.5700777401625888

2023-11-13 01:55:08,635 - yq - INFO - Correlation between log returns of each asset:
[[1.         0.57007774]
 [0.57007774 1.        ]]

2023-11-13 01:55:08,635 - yq - INFO - Simplified correlation matrix is:
[[ 1.         -0.29351805  0.57007774  0.        ]
 [-0.29351805  1.          0.          0.        ]
 [ 0.57007774  0.          1.         -0.49566624]
 [ 0.          0.         -0.49566624  1.        ]]

2023-11-13 01:55:08,635 - yq - INFO - Lower triangular matrix L after Cholesky decomposition is:
[[ 1.          0.          0.          0.        ]
 [-0.29351805  0.95595353  0.          0.        ]
 [ 0.57007774  0.17503791  0.80272853  0.        ]
 [ 0.          0.         -0.61747679  0.7865891 ]]

2023-11-13 01:55:08,638 - yq - INFO - The adjusted S_0 is [489.  265.5]
2023-11-13 01:55:08,666 - yq - INFO - The new column names are ['LONN.SE_0', 'SIKA.SE_0']
2023-11-13 01:55:08,667 - yq - INFO - The simulated data for 0th iteration is:
     LONN.SE_0   SIKA.SE_0
0  408.818173  228.632206
1  458.725666  231.017433
2  454.983262  243.583739
3  449.407574  252.535910
4  457.865253  240.400730
2023-11-13 01:55:08,782 - yq - INFO - 1 sim, diff h, sim_data_comb:
             LONN.SE_0   SIKA.SE_0
Date                              
2023-08-10  408.818173  228.632206
2023-08-11  458.725666  231.017433
2023-08-14  454.983262  243.583739
2023-08-15  449.407574  252.535910
2023-08-16  457.865253  240.400730
2023-11-13 01:55:09,395 - yq - INFO - The hist_data is
            LONN.SE  SIKA.SE
Date                        
2022-08-10    569.8    237.3
2022-08-11    584.0    246.3
2022-08-12    570.2    243.4
2022-08-15    569.6    247.6
2022-08-16    558.4    243.4
...             ...      ...
2023-08-03    490.0    268.2
2023-08-04    493.0    279.0
2023-08-07    490.2    271.1
2023-08-08    491.2    267.5
2023-08-09    489.0    265.5

[252 rows x 2 columns]
2023-11-13 01:55:09,397 - yq - INFO - The smooth path df is:
{smooth_path}
2023-11-13 01:55:09,618 - yq - INFO - Path of 1 sim is plotted
2023-11-13 01:55:09,618 - yq - INFO - The elapsed time for 0th sim is 0 minutes, 15 seconds
2023-11-13 01:55:09,618 - yq - INFO - The elapsed time for 1 pricing dates is 0 minutes, 15 seconds
2023-11-13 01:56:04,800 - yq - INFO - Pricing the product on 2023-08-09 00:00:00
2023-11-13 01:56:04,804 - yq - INFO - The json file path is: /Users/tangyiqwan/Library/CloudStorage/OneDrive-NanyangTechnologicalUniversity/ntu/Acads/4_Y4S1/MH4518/group-project/code/simulation-in-finance/code/sc/LONN.SE.json
2023-11-13 01:56:04,833 - yq - INFO - The json file path is: /Users/tangyiqwan/Library/CloudStorage/OneDrive-NanyangTechnologicalUniversity/ntu/Acads/4_Y4S1/MH4518/group-project/code/simulation-in-finance/code/sc/SIKA.SE.json
2023-11-13 01:56:05,238 - yq - INFO - The historical data is
             LONN.SE  SIKA.SE
Date                        
2022-08-10    569.8    237.3
2022-08-11    584.0    246.3
2022-08-12    570.2    243.4
2022-08-15    569.6    247.6
2022-08-16    558.4    243.4
2023-11-13 01:56:05,241 - yq - INFO - File path is /Users/tangyiqwan/Library/CloudStorage/OneDrive-NanyangTechnologicalUniversity/ntu/Acads/4_Y4S1/MH4518/group-project/code/simulation-in-finance/data/options-cleaned/20230809/lonn_call.csv
2023-11-13 01:56:05,244 - yq - INFO - Options data read is
    maturity  strike      price         IV    rate
0   0.10386     440  52.149994  27.330225  0.0175
1   0.10386     450  43.049988  25.649502  0.0175
2   0.10386     460  34.500000  24.389547  0.0175
3   0.10386     470  26.799995  23.625263  0.0175
4   0.10386     480  19.849991  22.715864  0.0175
2023-11-13 01:56:05,245 - yq - INFO - File path is /Users/tangyiqwan/Library/CloudStorage/OneDrive-NanyangTechnologicalUniversity/ntu/Acads/4_Y4S1/MH4518/group-project/code/simulation-in-finance/data/options-cleaned/20230809/sika_call.csv
2023-11-13 01:56:05,248 - yq - INFO - Options data read is
    maturity  strike      price         IV    rate
0   0.10386     220  48.050003  38.010380  0.0175
1   0.10386     230  38.400002  33.623005  0.0175
2   0.10386     240  29.074997  29.997280  0.0175
3   0.10386     250  20.525002  27.632607  0.0175
4   0.10386     260  13.275000  26.195461  0.0175
2023-11-13 01:56:05,253 - yq - INFO - LONZA and SIKA df are 
   maturity  strike      price    rate
0   0.10386     440  52.149994  0.0175
1   0.10386     450  43.049988  0.0175
2   0.10386     460  34.500000  0.0175
3   0.10386     470  26.799995  0.0175
4   0.10386     480  19.849991  0.0175
   maturity  strike      price    rate
0   0.10386     220  48.050003  0.0175
1   0.10386     230  38.400002  0.0175
2   0.10386     240  29.074997  0.0175
3   0.10386     250  20.525002  0.0175
4   0.10386     260  13.275000  0.0175
2023-11-13 01:56:05,254 - yq - INFO - Calibrating LONZA.
2023-11-13 01:56:12,958 - yq - INFO - Calibrating SIKA.
2023-11-13 01:56:21,277 - yq - INFO - The S_0 for LONZA and SIKA are 489.0 and 265.5
2023-11-13 01:56:21,277 - yq - INFO - Calibration results for LONZA and SIKA are 
<lmfit.minimizer.MinimizerResult object at 0x16c45bf50>
 <lmfit.minimizer.MinimizerResult object at 0x16c4627d0>
2023-11-13 01:56:21,277 - yq - INFO - The elapsed time for 2 calibration is 0 minutes, 16 seconds
2023-11-13 01:56:21,278 - yq - INFO - The calibrated params_list_Heston is:
 [[ 3.54980562  0.12429423  0.06651259 -0.29351801  2.15034056]
 [ 4.65314835  0.14327446  0.12397803 -0.49566622  3.43812373]]
2023-11-13 01:56:21,286 - yq - INFO - The log returns list for all assets is: [Date
2022-08-11    0.024616
2022-08-12   -0.023914
2022-08-15   -0.001053
2022-08-16   -0.019859
2022-08-17    0.003932
                ...   
2023-08-03   -0.015793
2023-08-04    0.006104
2023-08-07   -0.005696
2023-08-08    0.002038
2023-08-09   -0.004489
Name: LONN.SE, Length: 251, dtype: float64, Date
2022-08-11    0.037225
2022-08-12   -0.011844
2022-08-15    0.017108
2022-08-16   -0.017108
2022-08-17   -0.012402
                ...   
2023-08-03   -0.008169
2023-08-04    0.039479
2023-08-07   -0.028724
2023-08-08   -0.013368
2023-08-09   -0.007505
Name: SIKA.SE, Length: 251, dtype: float64]
2023-11-13 01:56:21,287 - yq - INFO - rho_S1S2 is 0.5700777401625888

2023-11-13 01:56:21,287 - yq - INFO - Correlation between log returns of each asset:
[[1.         0.57007774]
 [0.57007774 1.        ]]

2023-11-13 01:56:21,287 - yq - INFO - Simplified correlation matrix is:
[[ 1.         -0.29351801  0.57007774  0.        ]
 [-0.29351801  1.          0.          0.        ]
 [ 0.57007774  0.          1.         -0.49566622]
 [ 0.          0.         -0.49566622  1.        ]]

2023-11-13 01:56:21,288 - yq - INFO - Lower triangular matrix L after Cholesky decomposition is:
[[ 1.          0.          0.          0.        ]
 [-0.29351801  0.95595354  0.          0.        ]
 [ 0.57007774  0.17503788  0.80272854  0.        ]
 [ 0.          0.         -0.61747676  0.78658912]]

2023-11-13 01:56:21,294 - yq - INFO - The adjusted S_0 is [489.  265.5]
2023-11-13 01:56:21,333 - yq - INFO - The new column names are ['LONN.SE_0', 'SIKA.SE_0']
2023-11-13 01:56:21,341 - yq - INFO - The simulated data for 0th iteration is:
     LONN.SE_0   SIKA.SE_0
0  498.509181  283.565739
1  545.020772  292.634014
2  607.262937  320.776508
3  564.308382  300.916986
4  573.875793  330.211370
2023-11-13 01:56:21,497 - yq - INFO - 1 sim, diff h, sim_data_comb:
             LONN.SE_0   SIKA.SE_0
Date                              
2023-08-10  498.509181  283.565739
2023-08-11  545.020772  292.634014
2023-08-14  607.262937  320.776508
2023-08-15  564.308382  300.916986
2023-08-16  573.875793  330.211370
2023-11-13 01:56:22,107 - yq - INFO - The hist_data is
            LONN.SE  SIKA.SE
Date                        
2022-08-10    569.8    237.3
2022-08-11    584.0    246.3
2022-08-12    570.2    243.4
2022-08-15    569.6    247.6
2022-08-16    558.4    243.4
...             ...      ...
2023-08-03    490.0    268.2
2023-08-04    493.0    279.0
2023-08-07    490.2    271.1
2023-08-08    491.2    267.5
2023-08-09    489.0    265.5

[252 rows x 2 columns]
2023-11-13 01:56:22,110 - yq - INFO - The smooth path df is:
{smooth_path}
2023-11-13 01:56:22,358 - yq - INFO - Path of 1 sim is plotted
2023-11-13 01:56:22,358 - yq - INFO - The elapsed time for 0th sim is 0 minutes, 17 seconds
2023-11-13 01:56:22,359 - yq - INFO - The elapsed time for 1 pricing dates is 0 minutes, 17 seconds
